<?xml version="1.0" encoding="UTF-8" ?>
<testsuite tests="1" failures="0" name="com.mweb.controller.messages.TaskMessageServiceTest" time="2.258" errors="1" skipped="0">
  <properties>
[...]
</properties>
  <testcase classname="com.mweb.controller.messages.TaskMessageServiceTest" name="testTaskNotification" time="2.258">
    <error message="Failed to load ApplicationContext" type="java.lang.IllegalStateException">java.lang.IllegalStateException: Failed to load ApplicationContext
	at org.springframework.test.context.CacheAwareContextLoaderDelegate.loadContext(CacheAwareContextLoaderDelegate.java:99)
	at org.springframework.test.context.DefaultTestContext.getApplicationContext(DefaultTestContext.java:101)
	at org.springframework.test.context.support.DependencyInjectionTestExecutionListener.injectDependencies(DependencyInjectionTestExecutionListener.java:109)
	at org.springframework.test.context.support.DependencyInjectionTestExecutionListener.prepareTestInstance(DependencyInjectionTestExecutionListener.java:75)
	at org.springframework.test.context.TestContextManager.prepareTestInstance(TestContextManager.java:331)
	at org.springframework.test.context.junit4.SpringJUnit4ClassRunner.createTest(SpringJUnit4ClassRunner.java:213)
	at org.springframework.test.context.junit4.SpringJUnit4ClassRunner$1.runReflectiveCall(SpringJUnit4ClassRunner.java:290)
	at org.junit.internal.runners.model.ReflectiveCallable.run(ReflectiveCallable.java:12)
	at org.springframework.test.context.junit4.SpringJUnit4ClassRunner.methodBlock(SpringJUnit4ClassRunner.java:292)
	at org.springframework.test.context.junit4.SpringJUnit4ClassRunner.runChild(SpringJUnit4ClassRunner.java:233)
	at org.springframework.test.context.junit4.SpringJUnit4ClassRunner.runChild(SpringJUnit4ClassRunner.java:87)
	at org.junit.runners.ParentRunner$3.run(ParentRunner.java:238)
	at org.junit.runners.ParentRunner$1.schedule(ParentRunner.java:63)
	at org.junit.runners.ParentRunner.runChildren(ParentRunner.java:236)
	at org.junit.runners.ParentRunner.access$000(ParentRunner.java:53)
	at org.junit.runners.ParentRunner$2.evaluate(ParentRunner.java:229)
	at org.springframework.test.context.junit4.statements.RunBeforeTestClassCallbacks.evaluate(RunBeforeTestClassCallbacks.java:61)
	at org.springframework.test.context.junit4.statements.RunAfterTestClassCallbacks.evaluate(RunAfterTestClassCallbacks.java:71)
	at org.junit.runners.ParentRunner.run(ParentRunner.java:309)
	at org.springframework.test.context.junit4.SpringJUnit4ClassRunner.run(SpringJUnit4ClassRunner.java:176)
	at org.apache.maven.surefire.junit4.JUnit4Provider.execute(JUnit4Provider.java:252)
	at org.apache.maven.surefire.junit4.JUnit4Provider.executeTestSet(JUnit4Provider.java:141)
	at org.apache.maven.surefire.junit4.JUnit4Provider.invoke(JUnit4Provider.java:112)
	at sun.reflect.NativeMethodAccessorImpl.invoke0(Native Method)
	at sun.reflect.NativeMethodAccessorImpl.invoke(NativeMethodAccessorImpl.java:62)
	at sun.reflect.DelegatingMethodAccessorImpl.invoke(DelegatingMethodAccessorImpl.java:43)
	at java.lang.reflect.Method.invoke(Method.java:483)
	at org.apache.maven.surefire.util.ReflectionUtils.invokeMethodWithArray(ReflectionUtils.java:189)
	at org.apache.maven.surefire.booter.ProviderFactory$ProviderProxy.invoke(ProviderFactory.java:165)
	at org.apache.maven.surefire.booter.ProviderFactory.invokeProvider(ProviderFactory.java:85)
	at org.apache.maven.surefire.booter.ForkedBooter.runSuitesInProcess(ForkedBooter.java:115)
	at org.apache.maven.surefire.booter.ForkedBooter.main(ForkedBooter.java:75)
Caused by: org.springframework.beans.factory.BeanCreationException: Error creating bean with name &apos;defaultServletHandlerMapping&apos; defined in class path resource [org/springframework/web/servlet/config/annotation/DelegatingWebMvcConfiguration.class]: Instantiation of bean failed; nested exception is org.springframework.beans.factory.BeanDefinitionStoreException: Factory method [public org.springframework.web.servlet.HandlerMapping org.springframework.web.servlet.config.annotation.WebMvcConfigurationSupport.defaultServletHandlerMapping()] threw exception; nested exception is java.lang.IllegalArgumentException: A ServletContext is required to configure default servlet handling
	at org.springframework.beans.factory.support.ConstructorResolver.instantiateUsingFactoryMethod(ConstructorResolver.java:597)
	at org.springframework.beans.factory.support.AbstractAutowireCapableBeanFactory.instantiateUsingFactoryMethod(AbstractAutowireCapableBeanFactory.java:1095)
	at org.springframework.beans.factory.support.AbstractAutowireCapableBeanFactory.createBeanInstance(AbstractAutowireCapableBeanFactory.java:990)
	at org.springframework.beans.factory.support.AbstractAutowireCapableBeanFactory.doCreateBean(AbstractAutowireCapableBeanFactory.java:504)
	at org.springframework.beans.factory.support.AbstractAutowireCapableBeanFactory.createBean(AbstractAutowireCapableBeanFactory.java:475)
	at org.springframework.beans.factory.support.AbstractBeanFactory$1.getObject(AbstractBeanFactory.java:302)
	at org.springframework.beans.factory.support.DefaultSingletonBeanRegistry.getSingleton(DefaultSingletonBeanRegistry.java:228)
	at org.springframework.beans.factory.support.AbstractBeanFactory.doGetBean(AbstractBeanFactory.java:298)
	at org.springframework.beans.factory.support.AbstractBeanFactory.getBean(AbstractBeanFactory.java:193)
	at org.springframework.beans.factory.support.DefaultListableBeanFactory.preInstantiateSingletons(DefaultListableBeanFactory.java:706)
	at org.springframework.context.support.AbstractApplicationContext.finishBeanFactoryInitialization(AbstractApplicationContext.java:762)
	at org.springframework.context.support.AbstractApplicationContext.refresh(AbstractApplicationContext.java:482)
	at org.springframework.test.context.support.AbstractGenericContextLoader.loadContext(AbstractGenericContextLoader.java:125)
	at org.springframework.test.context.support.AbstractGenericContextLoader.loadContext(AbstractGenericContextLoader.java:60)
	at org.springframework.test.context.support.AbstractDelegatingSmartContextLoader.delegateLoading(AbstractDelegatingSmartContextLoader.java:102)
	at org.springframework.test.context.support.AbstractDelegatingSmartContextLoader.loadContext(AbstractDelegatingSmartContextLoader.java:248)
	at org.springframework.test.context.CacheAwareContextLoaderDelegate.loadContextInternal(CacheAwareContextLoaderDelegate.java:64)
	at org.springframework.test.context.CacheAwareContextLoaderDelegate.loadContext(CacheAwareContextLoaderDelegate.java:91)
	... 31 more
Caused by: org.springframework.beans.factory.BeanDefinitionStoreException: Factory method [public org.springframework.web.servlet.HandlerMapping org.springframework.web.servlet.config.annotation.WebMvcConfigurationSupport.defaultServletHandlerMapping()] threw exception; nested exception is java.lang.IllegalArgumentException: A ServletContext is required to configure default servlet handling
	at org.springframework.beans.factory.support.SimpleInstantiationStrategy.instantiate(SimpleInstantiationStrategy.java:188)
	at org.springframework.beans.factory.support.ConstructorResolver.instantiateUsingFactoryMethod(ConstructorResolver.java:586)
	... 48 more
Caused by: java.lang.IllegalArgumentException: A ServletContext is required to configure default servlet handling
	at org.springframework.util.Assert.notNull(Assert.java:112)
	at org.springframework.web.servlet.config.annotation.DefaultServletHandlerConfigurer.&lt;init&gt;(DefaultServletHandlerConfigurer.java:54)
	at org.springframework.web.servlet.config.annotation.WebMvcConfigurationSupport.defaultServletHandlerMapping(WebMvcConfigurationSupport.java:346)
	at org.springframework.web.servlet.config.annotation.DelegatingWebMvcConfiguration$$EnhancerBySpringCGLIB$$788627f3.CGLIB$defaultServletHandlerMapping$24(&lt;generated&gt;)
	at org.springframework.web.servlet.config.annotation.DelegatingWebMvcConfiguration$$EnhancerBySpringCGLIB$$788627f3$$FastClassBySpringCGLIB$$ecc9a559.invoke(&lt;generated&gt;)
	at org.springframework.cglib.proxy.MethodProxy.invokeSuper(MethodProxy.java:228)
	at org.springframework.context.annotation.ConfigurationClassEnhancer$BeanMethodInterceptor.intercept(ConfigurationClassEnhancer.java:312)
	at org.springframework.web.servlet.config.annotation.DelegatingWebMvcConfiguration$$EnhancerBySpringCGLIB$$788627f3.defaultServletHandlerMapping(&lt;generated&gt;)
	at sun.reflect.NativeMethodAccessorImpl.invoke0(Native Method)
	at sun.reflect.NativeMethodAccessorImpl.invoke(NativeMethodAccessorImpl.java:62)
	at sun.reflect.DelegatingMethodAccessorImpl.invoke(DelegatingMethodAccessorImpl.java:43)
	at java.lang.reflect.Method.invoke(Method.java:483)
	at org.springframework.beans.factory.support.SimpleInstantiationStrategy.instantiate(SimpleInstantiationStrategy.java:166)
	... 49 more
</error>
    <system-out>WARN  - HHH000038: Composite-id class does not override equals(): com.mweb.model.plugin.PK
WARN  - HHH000039: Composite-id class does not override hashCode(): com.mweb.model.plugin.PK
WARN  - HHH000038: Composite-id class does not override equals(): com.mweb.model.plugin.PK
WARN  - HHH000039: Composite-id class does not override hashCode(): com.mweb.model.plugin.PK
INFO  - HHH000400: Using dialect: org.hibernate.dialect.MySQL5Dialect
INFO  - HHH000399: Using default transaction strategy (direct JDBC transactions)
INFO  - HHH000397: Using ASTQueryTranslatorFactory
INFO  - HHH000228: Running hbm2ddl schema update
INFO  - HHH000102: Fetching database metadata
INFO  - HHH000396: Updating schema
INFO  - HHH000261: Table found: mweb.ABSTRACT_TREE_NODE
INFO  - HHH000037: Columns: [parent_id, menu_url, name, id, type]
INFO  - HHH000108: Foreign keys: [fk_4658011873714f598d610523dec]
INFO  - HHH000126: Indexes: [fk_4658011873714f598d610523dec, primary]
INFO  - HHH000261: Table found: mweb.BATCH_LOCK
INFO  - HHH000037: Columns: [lockstatus, locktype, id, lockdescription, lockname]
INFO  - HHH000108: Foreign keys: []
INFO  - HHH000126: Indexes: [uk_73ae217db2bf4f668a97f8bd990, uk_333f427bf5ef487ea67d42292a7, uk_20543f811bc54b7a9248bb089d6, uk_8ac2ebfc790547119253fe7bf3b, uk_b07cdd4d65b94bf5911dd24a501, uk_2459acd7efd5474bba7dfb5b34b, uk_aac42ceecf404f4d8b40607a444, uk_cfde8b59fd1f45c680d2ee5ccc6, uk_26132ae9e02546a597506f6d30b, uk_83a2cc603a2545f2b30d8416a90, uk_126b7b161aec4ca09726f98104e, uk_809db79e25154e9abea40f51e19, uk_03b462735baf40869486d8a77d5, uk_5adaf63e85b44b09adfb5e39019, uk_2bd1151460fc436e9b5fb020abf, uk_6e70c08885124edcb14e9860a6c, uk_9546cd9afcfc4b3591cea9c0dde, uk_682d6128a8354fd391130e64fb2, uk_ea290c67ee174e199bab41aaf8e, uk_ef83f84c98144e3c91f25df7491, uk_09e6a728fac349e0af31ac693eb, uk_780900e9dacd483d896e7acdca1, uk_0daaacfa50044a7da6439ca0aad, uk_56d24720c2d3465bb4eac2eeec8, uk_0d0c325d699746c0914aa8ae84d, uk_2d6803d8401d4285bdc77939c5e, uk_1613096d5c754f49af3d47d7046, uk_ad9592491c624001bc9bf75f8f5, uk_908bdb97b5cd42b29a7316d622c, uk_02f14617421a48c7b86611ed7ea, uk_c1cfdf7670ff47629e393f479cb, uk_a2d77e88c4cb43d3bdcf741b20b, uk_174987e1d5634bcc86264d9125b, uk_082e67f0ea414e1ab6597261b40, uk_0fea244847674b7aafe77e611b0, uk_9e8f99b29b9f480b965ce7afeaf, primary, uk_9e61f08cae0a463b83f806d60c8, uk_a95f05eebc3042d7a86c30275e2, uk_78d81e7a59a24294aaed169b0eb, uk_c2964de340834a51b5c22f6311e, uk_ar2jud8t7gy7lyk5sqx5q5tyl, uk_55a35094c2e54e6095430b76b57, uk_1e2804aa2cbf4b2e910bf03b5cb, uk_522c6eee7a234b87b2e31380919, uk_d607a443e293421ca6afd0655e5, uk_39388c17614143e1b5728b9ad3a, uk_2ac006db07dc42f8bd746a6b5b3, uk_4a3886d8eca74533a821e62d624, uk_a94057cf7c3a4ec8921f6935d8b, uk_acdd86e7905843a08dff2564812, uk_d7c046cfc20042709839f7df49c, uk_5a293e2b26b84b04aae9b4b569e, uk_a5b421dba8bc41b4b347593dddb, uk_70cd48c69996410e9f1bda98e90, uk_bfa5b67339164e20b058edd0c08, uk_895b98c7a9ee46c6b421f581013, uk_f62f1a9bac774c23b514573eac3, uk_015cc7bfc7b4451db397de8bfa0, uk_764b1e61755a4c2890981ca4f24, uk_b5adf1f640c741eda641f1f801a, uk_684c8914a51f4a3e83278b6be7e, uk_f848f4c89353409a8a09a5e0122, uk_1ecccbfa1f144ac1b2526aa90dd]
INFO  - HHH000261: Table found: mweb.DBConfig
INFO  - HHH000037: Columns: [password, dbname, driver, dbtype, id, url, username]
INFO  - HHH000108: Foreign keys: []
INFO  - HHH000126: Indexes: [primary]
INFO  - HHH000261: Table found: mweb.SAPEntity
INFO  - HHH000037: Columns: [volume, amount, price, propertycode, userid]
INFO  - HHH000108: Foreign keys: []
INFO  - HHH000126: Indexes: [primary]
INFO  - HHH000261: Table found: mweb.SAPENTITY_MODIFIED
INFO  - HHH000037: Columns: [volume, amount, price, propertycode, userid]
INFO  - HHH000108: Foreign keys: []
INFO  - HHH000126: Indexes: [primary]
INFO  - HHH000261: Table found: mweb.TREE_MENU
INFO  - HHH000037: Columns: [menu_description, menu_icon, parent_id, menu_url, name, id]
INFO  - HHH000108: Foreign keys: [fk_8633110bb69142dbb1f509a474c]
INFO  - HHH000126: Indexes: [fk_8633110bb69142dbb1f509a474c, primary]
INFO  - HHH000261: Table found: mweb.USER_INFO
INFO  - HHH000037: Columns: [user_password, user_id, user_name, user_description]
INFO  - HHH000108: Foreign keys: []
INFO  - HHH000126: Indexes: [primary]
INFO  - HHH000261: Table found: mweb.USER_ROLE
INFO  - HHH000037: Columns: [role_name, role_id, role_description]
INFO  - HHH000108: Foreign keys: []
INFO  - HHH000126: Indexes: [primary]
INFO  - HHH000261: Table found: mweb.USER_WITH_ROLE
INFO  - HHH000037: Columns: [user_id, role_id]
INFO  - HHH000108: Foreign keys: [fk_abdc301351f04ccf9cfd467a521, fk_f1cbc6a1b1f84e5cabed13ec07b]
INFO  - HHH000126: Indexes: [fk_abdc301351f04ccf9cfd467a521, fk_f1cbc6a1b1f84e5cabed13ec07b, primary]
INFO  - HHH000232: Schema update complete
WARN  - HHH000038: Composite-id class does not override equals(): com.mweb.model.plugin.PK
WARN  - HHH000039: Composite-id class does not override hashCode(): com.mweb.model.plugin.PK
WARN  - HHH000038: Composite-id class does not override equals(): com.mweb.model.plugin.PK
WARN  - HHH000039: Composite-id class does not override hashCode(): com.mweb.model.plugin.PK
WARN  - HHH000022: c3p0 properties were encountered, but the org.hibernate.service.jdbc.connections.internal.C3P0ConnectionProvider provider class was not found on the classpath; these properties are going to be ignored.
INFO  - HHH000402: Using Hibernate built-in connection pool (not for production use!)
INFO  - HHH000115: Hibernate connection pool size: 20
INFO  - HHH000006: Autocommit mode: false
INFO  - HHH000401: using driver [com.mysql.jdbc.Driver] at URL [jdbc:mysql://127.0.0.1:3306/sktlab_source?useUnicode=true&amp;characterEncoding=utf8]
INFO  - HHH000046: Connection properties: {user=jet, password=****}
INFO  - HHH000400: Using dialect: org.hibernate.dialect.MySQL5Dialect
INFO  - HHH000399: Using default transaction strategy (direct JDBC transactions)
INFO  - HHH000397: Using ASTQueryTranslatorFactory
INFO  - HHH000228: Running hbm2ddl schema update
INFO  - HHH000102: Fetching database metadata
INFO  - HHH000396: Updating schema
INFO  - HHH000261: Table found: sktlab_source.ABSTRACT_TREE_NODE
INFO  - HHH000037: Columns: [parent_id, menu_url, name, id, type]
INFO  - HHH000108: Foreign keys: [fk_ceabaea74a52425884f13fcfd0e]
INFO  - HHH000126: Indexes: [fk_ceabaea74a52425884f13fcfd0e, primary]
INFO  - HHH000261: Table found: sktlab_source.BATCH_LOCK
INFO  - HHH000037: Columns: [lockstatus, locktype, id, lockdescription, lockname]
INFO  - HHH000108: Foreign keys: []
INFO  - HHH000126: Indexes: [uk_649b5631a4ef4398b4f9f706057, uk_edc7715faa354c34bfc583d7d5b, uk_3d159fe80cc64f58ada2cb61c9c, uk_6ed8f5f55cb5462885f94f020dc, uk_af91b8514ca847afb4784989770, uk_dc639ce398484710994e8db1aa8, uk_fa22660199f444dba1c43f595a2, uk_9f82e95724204f7fb5caca64cff, uk_ac5d95c5b8184dcb94c1b27d82b, uk_83b985bd17834da6991e005844a, uk_0020f632e4d94332ad78e64c7ff, uk_03380a8b505c4659831fb0eda36, uk_f193eec7e4ab48b6a0caa8f0829, uk_2aae3c27c251495bbc56c89a040, uk_206a19648e2d488eb2ca2f61353, uk_a3ac8395e4f04b0c93fb028b766, uk_a0ed0dda5ef24318928d487a038, uk_8276aeb6b2a844ddb40a6257911, uk_5c6a8db8b1bf466f8efb6cc09d4, uk_c624ad1fb943419681c5065c072, uk_62816cb0de774d2292865123deb, uk_f8d8019c1fb44d50ae47bd129f5, uk_b20903a616b74b6599fa5726737, uk_c11d9af1086d4a4eb849e74cb47, uk_89602cd5893347b8a813c4954e8, uk_e88cf2a8b9f54994ac76dc6b201, uk_13cc89665bbc4c0482f8a1b41fa, uk_be914f51a135408fa28061612c8, uk_e40a77827cc744b5887aba2a22e, primary, uk_9fe3259f7be54ca5acf49ab14b7, uk_86b9e416c42b41a69572ddd54f9, uk_ffb74521982e4cbfb0ff17857f8, uk_dea82d06d1804bc1a909e40468a, uk_ar2jud8t7gy7lyk5sqx5q5tyl, uk_1eb585857bb7413c9ead925c1ce, uk_2924e8941f2a4589870d5d39471, uk_15fe1a8139a64acda1f8d6e91c8, uk_a32246aceabf42bb91a97577675, uk_f2813acec1d44dd28850e01dd39, uk_f9ec24b968a442c58e064779471, uk_3b78f7c887464138b0d9b29cc55, uk_a7622c3700ce432284577be0562, uk_c82f6c0e8a35411581c7dd45fe9, uk_bc57b6d311114e80ae407b50520, uk_2ba25d6c8b4841ffb2a531ed919, uk_bd5a66ffad074baf9b181080cf4, uk_e6191131fd1a4ffdb6c47257970, uk_b7a250a07e324bfc823ed2e4156, uk_2c93d6773dd74cd881a43e40757, uk_4ff32720b12048c5a7385f25b91, uk_cd14527944964104a0e89328635, uk_a9fdc109a1254982921242f5439, uk_db03e0cc6d9c498b9ca8fdc1e63, uk_5a1aa2b0232042dbbe65820efe5, uk_ee5bceda283747ffa622a9c404b, uk_224654f4ae324ae3862bcfab868, uk_4d22ab2cb96f45a3825e1a37f1c, uk_85abdcbd8f6a4c7b90fa01a9321, uk_cfa6fd48db524a5b8f3dd9effcd, uk_247546edb4f34755af6ac7e8b6f, uk_0ac3d66f162e4b40b0d1088c4cc, uk_f14c40ec5f224c6f8064b13c976, uk_2c264e9c66c64583b0ae4814107]
INFO  - HHH000261: Table found: sktlab_source.DBConfig
INFO  - HHH000037: Columns: [password, dbname, driver, dbtype, id, url, username]
INFO  - HHH000108: Foreign keys: []
INFO  - HHH000126: Indexes: [primary]
INFO  - HHH000261: Table found: sktlab_source.SAPEntity
INFO  - HHH000037: Columns: [volume, amount, price, propertycode, userid]
INFO  - HHH000108: Foreign keys: []
INFO  - HHH000126: Indexes: [primary]
INFO  - HHH000261: Table found: sktlab_source.SAPENTITY_MODIFIED
INFO  - HHH000037: Columns: [volume, amount, price, propertycode, userid]
INFO  - HHH000108: Foreign keys: []
INFO  - HHH000126: Indexes: [primary]
INFO  - HHH000261: Table found: sktlab_source.TREE_MENU
INFO  - HHH000037: Columns: [menu_description, menu_icon, parent_id, menu_url, name, id]
INFO  - HHH000108: Foreign keys: [fk_fc60a4d9f22c4ba5bb5b2785325]
INFO  - HHH000126: Indexes: [fk_fc60a4d9f22c4ba5bb5b2785325, primary]
INFO  - HHH000261: Table found: sktlab_source.USER_INFO
INFO  - HHH000037: Columns: [user_password, user_id, user_name, user_description]
INFO  - HHH000108: Foreign keys: []
INFO  - HHH000126: Indexes: [primary]
INFO  - HHH000261: Table found: sktlab_source.USER_ROLE
INFO  - HHH000037: Columns: [role_name, role_id, role_description]
INFO  - HHH000108: Foreign keys: []
INFO  - HHH000126: Indexes: [primary]
INFO  - HHH000261: Table found: sktlab_source.USER_WITH_ROLE
INFO  - HHH000037: Columns: [user_id, role_id]
INFO  - HHH000108: Foreign keys: [fk_508a3eb5ed4f47a186cebe4990b, fk_7263ce4f941042ca829c581f564]
INFO  - HHH000126: Indexes: [fk_508a3eb5ed4f47a186cebe4990b, fk_7263ce4f941042ca829c581f564, primary]
INFO  - HHH000232: Schema update complete
WARN  - HHH000038: Composite-id class does not override equals(): com.mweb.model.plugin.PK
WARN  - HHH000039: Composite-id class does not override hashCode(): com.mweb.model.plugin.PK
WARN  - HHH000038: Composite-id class does not override equals(): com.mweb.model.plugin.PK
WARN  - HHH000039: Composite-id class does not override hashCode(): com.mweb.model.plugin.PK
WARN  - HHH000022: c3p0 properties were encountered, but the org.hibernate.service.jdbc.connections.internal.C3P0ConnectionProvider provider class was not found on the classpath; these properties are going to be ignored.
INFO  - HHH000402: Using Hibernate built-in connection pool (not for production use!)
INFO  - HHH000115: Hibernate connection pool size: 20
INFO  - HHH000006: Autocommit mode: false
INFO  - HHH000401: using driver [com.mysql.jdbc.Driver] at URL [jdbc:mysql://127.0.0.1:3306/sktlab_destination?useUnicode=true&amp;characterEncoding=utf8]
INFO  - HHH000046: Connection properties: {user=jet, password=****}
INFO  - HHH000400: Using dialect: org.hibernate.dialect.MySQL5Dialect
INFO  - HHH000399: Using default transaction strategy (direct JDBC transactions)
INFO  - HHH000397: Using ASTQueryTranslatorFactory
INFO  - HHH000228: Running hbm2ddl schema update
INFO  - HHH000102: Fetching database metadata
INFO  - HHH000396: Updating schema
INFO  - HHH000261: Table found: sktlab_destination.ABSTRACT_TREE_NODE
INFO  - HHH000037: Columns: [parent_id, menu_url, name, id, type]
INFO  - HHH000108: Foreign keys: [fk_e75399a698eb4d128b9ff5cfc87]
INFO  - HHH000126: Indexes: [fk_e75399a698eb4d128b9ff5cfc87, primary]
INFO  - HHH000261: Table found: sktlab_destination.BATCH_LOCK
INFO  - HHH000037: Columns: [lockstatus, locktype, id, lockdescription, lockname]
INFO  - HHH000108: Foreign keys: []
INFO  - HHH000126: Indexes: [uk_673c335da07646a295d2b1631ee, uk_a931e7f92d974180b57c2eba35c, uk_fcd9bb6a705c4d0eb5a7237b76d, uk_2d20a3f08d394642be03d4e0afb, uk_b979f316c6ba41958a9f8a0cd3c, uk_dedd7f63da3e4d198e8471103af, uk_a4e3d35ff9964eab8934c977df9, uk_584acbe7e5f848a58c8e6ec1c2e, uk_5e5ca7497a1941efaebf4cf05ca, uk_b27ec4171cc941119002e2851e3, uk_cce90d0c3ccd4728a405c6a6f00, uk_70d4fbc811284d4d8febedc97fd, uk_018bbd1d43404d75997686979dd, uk_72357586ebba4ca58b0041cfdb4, uk_4b27d9620e5e43f4bb84290d3fc, uk_56b96c3dec8b4f2e9816d3465be, uk_f8a59e7e7bf645a0a56dae1cb4f, uk_fefd97918f544a899a3eff3e69c, uk_c3f9bc4478b7454e8261a632c41, uk_8901ee9c3bec46879047d3f2aa3, uk_90995e02a9c2429c9679400d081, uk_0d3ed90480764dd0a00a9729fff, uk_8627499b508347ddadc53ac76b1, uk_b45e15b9174148e2a7066726eb9, uk_40542f6b8e524391a5837ad80fa, uk_5743aa9fcbf240bbbcc29004937, uk_4d4af83b93cf47fc95631b3a5f0, uk_33868681e7264c15abef3279d07, uk_80784bfb0f90479485da1c43210, uk_e1fb35789d1d4f3398372206c59, primary, uk_a47ec6cf03624b118d890d43541, uk_e7fad50a0fb64e51aefed57414c, uk_14364a9547424f43b391f0445e9, uk_d0b142bf412c4d94b894872ea48, uk_113aa98dcb344ba68f524e16a81, uk_55bcd8fd54e54dfd96eff62a316, uk_ar2jud8t7gy7lyk5sqx5q5tyl, uk_d8a1e49620c44895a510f2b9286, uk_f4eb59387fea411e94a08370254, uk_d1706cfde73d4d488aafd55a902, uk_2246b45f975e4312b85129ffc5b, uk_5280d1c185ec40f880181d8d56d, uk_8d270a6070434d15a1f0a0eb196, uk_35060fd199d1430ebf697f8116c, uk_cca66ed90d0b4eb2b6bc1c5316c, uk_18789f8bcd3c4df89f1b52ade2a, uk_0a6ef485a7d94ce3be3c29b05c6, uk_1138448fd5e042618f81fcce13e, uk_bb8c2d846a484c26ad6202ab545, uk_5b9d58b9f99d4ed494c46c6e470, uk_02e809333bf046e897c64db7779, uk_bf5a5fe9e405484bb23e14b2b85, uk_12b9346707814b548dc60736201, uk_ef3ae90f96b94707a441e8285f6, uk_b9ca06563bfb4928abb8c66d65c, uk_30c330dd184e44cbb6bf7345a6c, uk_bd58ad17c49a43f7b89210527d6, uk_d7658756c0ec48bc98d687b514d, uk_de9ec97b240d442395cb67fcd87, uk_6613566441e042a0b6e096818ae, uk_41cae1dc9e7c4b7085b3cee7d5d, uk_f821be552b074086aee28292455, uk_6c690e95d804471aa3aa710e9c1]
INFO  - HHH000261: Table found: sktlab_destination.DBConfig
INFO  - HHH000037: Columns: [password, dbname, driver, dbtype, id, url, username]
INFO  - HHH000108: Foreign keys: []
INFO  - HHH000126: Indexes: [primary]
INFO  - HHH000261: Table found: sktlab_destination.SAPEntity
INFO  - HHH000037: Columns: [volume, amount, price, propertycode, userid]
INFO  - HHH000108: Foreign keys: []
INFO  - HHH000126: Indexes: [primary]
INFO  - HHH000261: Table found: sktlab_destination.SAPENTITY_MODIFIED
INFO  - HHH000037: Columns: [volume, amount, price, propertycode, userid]
INFO  - HHH000108: Foreign keys: []
INFO  - HHH000126: Indexes: [primary]
INFO  - HHH000261: Table found: sktlab_destination.TREE_MENU
INFO  - HHH000037: Columns: [menu_description, menu_icon, parent_id, menu_url, name, id]
INFO  - HHH000108: Foreign keys: [fk_38e593d0e9c740938fef39d03ea]
INFO  - HHH000126: Indexes: [fk_38e593d0e9c740938fef39d03ea, primary]
INFO  - HHH000261: Table found: sktlab_destination.USER_INFO
INFO  - HHH000037: Columns: [user_password, user_id, user_name, user_description]
INFO  - HHH000108: Foreign keys: []
INFO  - HHH000126: Indexes: [primary]
INFO  - HHH000261: Table found: sktlab_destination.USER_ROLE
INFO  - HHH000037: Columns: [role_name, role_id, role_description]
INFO  - HHH000108: Foreign keys: []
INFO  - HHH000126: Indexes: [primary]
INFO  - HHH000261: Table found: sktlab_destination.USER_WITH_ROLE
INFO  - HHH000037: Columns: [user_id, role_id]
INFO  - HHH000108: Foreign keys: [fk_f696b7a6dfb646fb8d5f0e0529e, fk_4962b36fb30140e997e7839638f]
INFO  - HHH000126: Indexes: [fk_f696b7a6dfb646fb8d5f0e0529e, fk_4962b36fb30140e997e7839638f, primary]
INFO  - HHH000232: Schema update complete
</system-out>
    <system-err>十一月 30, 2014 10:50:48 下午 org.springframework.context.support.GenericApplicationContext prepareRefresh
信息: Refreshing org.springframework.context.support.GenericApplicationContext@3e8799f: startup date [Sun Nov 30 22:50:48 CST 2014]; root of context hierarchy
十一月 30, 2014 10:50:49 下午 org.springframework.beans.factory.support.DefaultListableBeanFactory registerBeanDefinition
信息: Overriding bean definition for bean &apos;transactionManager&apos;: replacing [Root bean: class [null]; scope=; abstract=false; lazyInit=false; autowireMode=3; dependencyCheck=0; autowireCandidate=true; primary=false; factoryBeanName=SAPJob; factoryMethodName=transactionManager; initMethodName=null; destroyMethodName=(inferred); defined in class path resource [com/mweb/batchservice/plugins/SAPJob.class]] with [Root bean: class [null]; scope=; abstract=false; lazyInit=false; autowireMode=3; dependencyCheck=0; autowireCandidate=true; primary=false; factoryBeanName=databaseConfiguration; factoryMethodName=transactionManager; initMethodName=null; destroyMethodName=(inferred); defined in class path resource [com/mweb/config/common/DatabaseConfiguration.class]]
十一月 30, 2014 10:50:49 下午 org.springframework.beans.factory.support.DefaultListableBeanFactory registerBeanDefinition
信息: Overriding bean definition for bean &apos;transactionManager&apos;: replacing [Root bean: class [null]; scope=; abstract=false; lazyInit=false; autowireMode=3; dependencyCheck=0; autowireCandidate=true; primary=false; factoryBeanName=databaseConfiguration; factoryMethodName=transactionManager; initMethodName=null; destroyMethodName=(inferred); defined in class path resource [com/mweb/config/common/DatabaseConfiguration.class]] with [Root bean: class [null]; scope=; abstract=false; lazyInit=false; autowireMode=3; dependencyCheck=0; autowireCandidate=true; primary=false; factoryBeanName=org.springframework.batch.core.configuration.annotation.SimpleBatchConfiguration; factoryMethodName=transactionManager; initMethodName=null; destroyMethodName=(inferred); defined in class path resource [org/springframework/batch/core/configuration/annotation/SimpleBatchConfiguration.class]]
十一月 30, 2014 10:50:49 下午 org.springframework.context.annotation.ConfigurationClassEnhancer intercept
警告: @Bean method StepScopeConfiguration.stepScope is non-static and returns an object assignable to Spring&apos;s BeanFactoryPostProcessor interface. This will result in a failure to process annotations such as @Autowired, @Resource and @PostConstruct within the method&apos;s declaring @Configuration class. Add the &apos;static&apos; modifier to this method to avoid these container lifecycle issues; see @Bean Javadoc for complete details
十一月 30, 2014 10:50:49 下午 org.springframework.context.support.PostProcessorRegistrationDelegate$BeanPostProcessorChecker postProcessAfterInitialization
信息: Bean &apos;org.springframework.scheduling.annotation.SchedulingConfiguration&apos; of type [class org.springframework.scheduling.annotation.SchedulingConfiguration$$EnhancerBySpringCGLIB$$dbcb7e78] is not eligible for getting processed by all BeanPostProcessors (for example: not eligible for auto-proxying)
十一月 30, 2014 10:50:49 下午 org.springframework.scheduling.concurrent.ThreadPoolTaskExecutor initialize
信息: Initializing ExecutorService  &apos;clientInboundChannelExecutor&apos;
十一月 30, 2014 10:50:49 下午 org.springframework.scheduling.concurrent.ThreadPoolTaskExecutor initialize
信息: Initializing ExecutorService  &apos;clientOutboundChannelExecutor&apos;
十一月 30, 2014 10:50:49 下午 com.mweb.service.listener.NotificationProgressListener sendMessage
信息: Notification Event Trigger
十一月 30, 2014 10:50:49 下午 com.mweb.service.listener.NotificationProgressListener sendMessage
信息: Notification Event Trigger
十一月 30, 2014 10:50:49 下午 org.springframework.batch.core.launch.support.SimpleJobLauncher afterPropertiesSet
信息: No TaskExecutor has been set, defaulting to synchronous executor.
十一月 30, 2014 10:50:49 下午 org.springframework.batch.core.repository.support.JobRepositoryFactoryBean afterPropertiesSet
信息: No database type set, using meta data indicating: MYSQL
十一月 30, 2014 10:50:49 下午 org.springframework.batch.core.launch.support.SimpleJobLauncher afterPropertiesSet
信息: No TaskExecutor has been set, defaulting to synchronous executor.
十一月 30, 2014 10:50:50 下午 org.springframework.security.web.access.intercept.FilterSecurityInterceptor afterPropertiesSet
警告: Could not validate configuration attributes as the SecurityMetadataSource did not return any attributes from getAllConfigAttributes()
十一月 30, 2014 10:50:50 下午 org.springframework.security.web.DefaultSecurityFilterChain &lt;init&gt;
信息: Creating filter chain: org.springframework.security.web.util.matcher.AnyRequestMatcher@1, [org.springframework.security.web.context.request.async.WebAsyncManagerIntegrationFilter@615efd1c, org.springframework.security.web.context.SecurityContextPersistenceFilter@1c98b4eb, org.springframework.security.web.header.HeaderWriterFilter@41def031, org.springframework.security.web.csrf.CsrfFilter@6c742b84, org.springframework.security.web.authentication.logout.LogoutFilter@6897a4a, org.springframework.security.web.authentication.UsernamePasswordAuthenticationFilter@281b2dfd, org.springframework.security.web.session.ConcurrentSessionFilter@1edccfd4, org.springframework.security.web.savedrequest.RequestCacheAwareFilter@bb3ecfe, org.springframework.security.web.servletapi.SecurityContextHolderAwareRequestFilter@3312f4f4, org.springframework.security.web.authentication.AnonymousAuthenticationFilter@1e226bcd, org.springframework.security.web.session.SessionManagementFilter@17c0274c, org.springframework.security.web.access.ExceptionTranslationFilter@374c40ba, org.springframework.security.web.access.intercept.FilterSecurityInterceptor@2a8dd942, org.springframework.security.web.access.intercept.FilterSecurityInterceptor@52abed9d]
十一月 30, 2014 10:50:50 下午 org.springframework.scheduling.concurrent.ThreadPoolTaskScheduler initialize
信息: Initializing ExecutorService  &apos;messageBrokerSockJsTaskScheduler&apos;
十一月 30, 2014 10:50:50 下午 org.springframework.web.socket.sockjs.transport.handler.DefaultSockJsService getDefaultTransportHandlers
警告: Failed to create default WebSocketTransportHandler
java.lang.IllegalStateException: No suitable default RequestUpgradeStrategy found
	at org.springframework.web.socket.server.support.DefaultHandshakeHandler.initRequestUpgradeStrategy(DefaultHandshakeHandler.java:107)
	at org.springframework.web.socket.server.support.DefaultHandshakeHandler.&lt;init&gt;(DefaultHandshakeHandler.java:89)
	at org.springframework.web.socket.sockjs.transport.handler.DefaultSockJsService.getDefaultTransportHandlers(DefaultSockJsService.java:88)
	at org.springframework.web.socket.sockjs.transport.handler.DefaultSockJsService.&lt;init&gt;(DefaultSockJsService.java:74)
	at org.springframework.web.socket.config.annotation.SockJsServiceRegistration.createSockJsService(SockJsServiceRegistration.java:231)
	at org.springframework.web.socket.config.annotation.SockJsServiceRegistration.getSockJsService(SockJsServiceRegistration.java:198)
	at org.springframework.web.socket.config.annotation.WebMvcStompWebSocketEndpointRegistration$StompSockJsServiceRegistration.getSockJsService(WebMvcStompWebSocketEndpointRegistration.java:113)
	at org.springframework.web.socket.config.annotation.WebMvcStompWebSocketEndpointRegistration.getMappings(WebMvcStompWebSocketEndpointRegistration.java:87)
	at org.springframework.web.socket.config.annotation.WebMvcStompEndpointRegistry.getHandlerMapping(WebMvcStompEndpointRegistry.java:126)
	at org.springframework.web.socket.config.annotation.WebSocketMessageBrokerConfigurationSupport.stompWebSocketHandlerMapping(WebSocketMessageBrokerConfigurationSupport.java:53)
	at org.springframework.web.socket.config.annotation.DelegatingWebSocketMessageBrokerConfiguration$$EnhancerBySpringCGLIB$$16f27ed0.CGLIB$stompWebSocketHandlerMapping$7(&lt;generated&gt;)
	at org.springframework.web.socket.config.annotation.DelegatingWebSocketMessageBrokerConfiguration$$EnhancerBySpringCGLIB$$16f27ed0$$FastClassBySpringCGLIB$$5fbad116.invoke(&lt;generated&gt;)
	at org.springframework.cglib.proxy.MethodProxy.invokeSuper(MethodProxy.java:228)
	at org.springframework.context.annotation.ConfigurationClassEnhancer$BeanMethodInterceptor.intercept(ConfigurationClassEnhancer.java:312)
	at org.springframework.web.socket.config.annotation.DelegatingWebSocketMessageBrokerConfiguration$$EnhancerBySpringCGLIB$$16f27ed0.stompWebSocketHandlerMapping(&lt;generated&gt;)
	at sun.reflect.NativeMethodAccessorImpl.invoke0(Native Method)
	at sun.reflect.NativeMethodAccessorImpl.invoke(NativeMethodAccessorImpl.java:62)
	at sun.reflect.DelegatingMethodAccessorImpl.invoke(DelegatingMethodAccessorImpl.java:43)
	at java.lang.reflect.Method.invoke(Method.java:483)
	at org.springframework.beans.factory.support.SimpleInstantiationStrategy.instantiate(SimpleInstantiationStrategy.java:166)
	at org.springframework.beans.factory.support.ConstructorResolver.instantiateUsingFactoryMethod(ConstructorResolver.java:586)
	at org.springframework.beans.factory.support.AbstractAutowireCapableBeanFactory.instantiateUsingFactoryMethod(AbstractAutowireCapableBeanFactory.java:1095)
	at org.springframework.beans.factory.support.AbstractAutowireCapableBeanFactory.createBeanInstance(AbstractAutowireCapableBeanFactory.java:990)
	at org.springframework.beans.factory.support.AbstractAutowireCapableBeanFactory.doCreateBean(AbstractAutowireCapableBeanFactory.java:504)
	at org.springframework.beans.factory.support.AbstractAutowireCapableBeanFactory.createBean(AbstractAutowireCapableBeanFactory.java:475)
	at org.springframework.beans.factory.support.AbstractBeanFactory$1.getObject(AbstractBeanFactory.java:302)
	at org.springframework.beans.factory.support.DefaultSingletonBeanRegistry.getSingleton(DefaultSingletonBeanRegistry.java:228)
	at org.springframework.beans.factory.support.AbstractBeanFactory.doGetBean(AbstractBeanFactory.java:298)
	at org.springframework.beans.factory.support.AbstractBeanFactory.getBean(AbstractBeanFactory.java:193)
	at org.springframework.beans.factory.support.DefaultListableBeanFactory.preInstantiateSingletons(DefaultListableBeanFactory.java:706)
	at org.springframework.context.support.AbstractApplicationContext.finishBeanFactoryInitialization(AbstractApplicationContext.java:762)
	at org.springframework.context.support.AbstractApplicationContext.refresh(AbstractApplicationContext.java:482)
	at org.springframework.test.context.support.AbstractGenericContextLoader.loadContext(AbstractGenericContextLoader.java:125)
	at org.springframework.test.context.support.AbstractGenericContextLoader.loadContext(AbstractGenericContextLoader.java:60)
	at org.springframework.test.context.support.AbstractDelegatingSmartContextLoader.delegateLoading(AbstractDelegatingSmartContextLoader.java:102)
	at org.springframework.test.context.support.AbstractDelegatingSmartContextLoader.loadContext(AbstractDelegatingSmartContextLoader.java:248)
	at org.springframework.test.context.CacheAwareContextLoaderDelegate.loadContextInternal(CacheAwareContextLoaderDelegate.java:64)
	at org.springframework.test.context.CacheAwareContextLoaderDelegate.loadContext(CacheAwareContextLoaderDelegate.java:91)
	at org.springframework.test.context.DefaultTestContext.getApplicationContext(DefaultTestContext.java:101)
	at org.springframework.test.context.support.DependencyInjectionTestExecutionListener.injectDependencies(DependencyInjectionTestExecutionListener.java:109)
	at org.springframework.test.context.support.DependencyInjectionTestExecutionListener.prepareTestInstance(DependencyInjectionTestExecutionListener.java:75)
	at org.springframework.test.context.TestContextManager.prepareTestInstance(TestContextManager.java:331)
	at org.springframework.test.context.junit4.SpringJUnit4ClassRunner.createTest(SpringJUnit4ClassRunner.java:213)
	at org.springframework.test.context.junit4.SpringJUnit4ClassRunner$1.runReflectiveCall(SpringJUnit4ClassRunner.java:290)
	at org.junit.internal.runners.model.ReflectiveCallable.run(ReflectiveCallable.java:12)
	at org.springframework.test.context.junit4.SpringJUnit4ClassRunner.methodBlock(SpringJUnit4ClassRunner.java:292)
	at org.springframework.test.context.junit4.SpringJUnit4ClassRunner.runChild(SpringJUnit4ClassRunner.java:233)
	at org.springframework.test.context.junit4.SpringJUnit4ClassRunner.runChild(SpringJUnit4ClassRunner.java:87)
	at org.junit.runners.ParentRunner$3.run(ParentRunner.java:238)
	at org.junit.runners.ParentRunner$1.schedule(ParentRunner.java:63)
	at org.junit.runners.ParentRunner.runChildren(ParentRunner.java:236)
	at org.junit.runners.ParentRunner.access$000(ParentRunner.java:53)
	at org.junit.runners.ParentRunner$2.evaluate(ParentRunner.java:229)
	at org.springframework.test.context.junit4.statements.RunBeforeTestClassCallbacks.evaluate(RunBeforeTestClassCallbacks.java:61)
	at org.springframework.test.context.junit4.statements.RunAfterTestClassCallbacks.evaluate(RunAfterTestClassCallbacks.java:71)
	at org.junit.runners.ParentRunner.run(ParentRunner.java:309)
	at org.springframework.test.context.junit4.SpringJUnit4ClassRunner.run(SpringJUnit4ClassRunner.java:176)
	at org.apache.maven.surefire.junit4.JUnit4Provider.execute(JUnit4Provider.java:252)
	at org.apache.maven.surefire.junit4.JUnit4Provider.executeTestSet(JUnit4Provider.java:141)
	at org.apache.maven.surefire.junit4.JUnit4Provider.invoke(JUnit4Provider.java:112)
	at sun.reflect.NativeMethodAccessorImpl.invoke0(Native Method)
	at sun.reflect.NativeMethodAccessorImpl.invoke(NativeMethodAccessorImpl.java:62)
	at sun.reflect.DelegatingMethodAccessorImpl.invoke(DelegatingMethodAccessorImpl.java:43)
	at java.lang.reflect.Method.invoke(Method.java:483)
	at org.apache.maven.surefire.util.ReflectionUtils.invokeMethodWithArray(ReflectionUtils.java:189)
	at org.apache.maven.surefire.booter.ProviderFactory$ProviderProxy.invoke(ProviderFactory.java:165)
	at org.apache.maven.surefire.booter.ProviderFactory.invokeProvider(ProviderFactory.java:85)
	at org.apache.maven.surefire.booter.ForkedBooter.runSuitesInProcess(ForkedBooter.java:115)
	at org.apache.maven.surefire.booter.ForkedBooter.main(ForkedBooter.java:75)

十一月 30, 2014 10:50:50 下午 org.springframework.web.socket.sockjs.transport.handler.DefaultSockJsService getDefaultTransportHandlers
警告: Failed to create default WebSocketTransportHandler
java.lang.IllegalStateException: No suitable default RequestUpgradeStrategy found
	at org.springframework.web.socket.server.support.DefaultHandshakeHandler.initRequestUpgradeStrategy(DefaultHandshakeHandler.java:107)
	at org.springframework.web.socket.server.support.DefaultHandshakeHandler.&lt;init&gt;(DefaultHandshakeHandler.java:89)
	at org.springframework.web.socket.sockjs.transport.handler.DefaultSockJsService.getDefaultTransportHandlers(DefaultSockJsService.java:88)
	at org.springframework.web.socket.sockjs.transport.handler.DefaultSockJsService.&lt;init&gt;(DefaultSockJsService.java:74)
	at org.springframework.web.socket.config.annotation.SockJsServiceRegistration.createSockJsService(SockJsServiceRegistration.java:231)
	at org.springframework.web.socket.config.annotation.SockJsServiceRegistration.getSockJsService(SockJsServiceRegistration.java:198)
	at org.springframework.web.socket.config.annotation.WebMvcStompWebSocketEndpointRegistration$StompSockJsServiceRegistration.getSockJsService(WebMvcStompWebSocketEndpointRegistration.java:113)
	at org.springframework.web.socket.config.annotation.WebMvcStompWebSocketEndpointRegistration.getMappings(WebMvcStompWebSocketEndpointRegistration.java:87)
	at org.springframework.web.socket.config.annotation.WebMvcStompEndpointRegistry.getHandlerMapping(WebMvcStompEndpointRegistry.java:126)
	at org.springframework.web.socket.config.annotation.WebSocketMessageBrokerConfigurationSupport.stompWebSocketHandlerMapping(WebSocketMessageBrokerConfigurationSupport.java:53)
	at org.springframework.web.socket.config.annotation.DelegatingWebSocketMessageBrokerConfiguration$$EnhancerBySpringCGLIB$$16f27ed0.CGLIB$stompWebSocketHandlerMapping$7(&lt;generated&gt;)
	at org.springframework.web.socket.config.annotation.DelegatingWebSocketMessageBrokerConfiguration$$EnhancerBySpringCGLIB$$16f27ed0$$FastClassBySpringCGLIB$$5fbad116.invoke(&lt;generated&gt;)
	at org.springframework.cglib.proxy.MethodProxy.invokeSuper(MethodProxy.java:228)
	at org.springframework.context.annotation.ConfigurationClassEnhancer$BeanMethodInterceptor.intercept(ConfigurationClassEnhancer.java:312)
	at org.springframework.web.socket.config.annotation.DelegatingWebSocketMessageBrokerConfiguration$$EnhancerBySpringCGLIB$$16f27ed0.stompWebSocketHandlerMapping(&lt;generated&gt;)
	at sun.reflect.NativeMethodAccessorImpl.invoke0(Native Method)
	at sun.reflect.NativeMethodAccessorImpl.invoke(NativeMethodAccessorImpl.java:62)
	at sun.reflect.DelegatingMethodAccessorImpl.invoke(DelegatingMethodAccessorImpl.java:43)
	at java.lang.reflect.Method.invoke(Method.java:483)
	at org.springframework.beans.factory.support.SimpleInstantiationStrategy.instantiate(SimpleInstantiationStrategy.java:166)
	at org.springframework.beans.factory.support.ConstructorResolver.instantiateUsingFactoryMethod(ConstructorResolver.java:586)
	at org.springframework.beans.factory.support.AbstractAutowireCapableBeanFactory.instantiateUsingFactoryMethod(AbstractAutowireCapableBeanFactory.java:1095)
	at org.springframework.beans.factory.support.AbstractAutowireCapableBeanFactory.createBeanInstance(AbstractAutowireCapableBeanFactory.java:990)
	at org.springframework.beans.factory.support.AbstractAutowireCapableBeanFactory.doCreateBean(AbstractAutowireCapableBeanFactory.java:504)
	at org.springframework.beans.factory.support.AbstractAutowireCapableBeanFactory.createBean(AbstractAutowireCapableBeanFactory.java:475)
	at org.springframework.beans.factory.support.AbstractBeanFactory$1.getObject(AbstractBeanFactory.java:302)
	at org.springframework.beans.factory.support.DefaultSingletonBeanRegistry.getSingleton(DefaultSingletonBeanRegistry.java:228)
	at org.springframework.beans.factory.support.AbstractBeanFactory.doGetBean(AbstractBeanFactory.java:298)
	at org.springframework.beans.factory.support.AbstractBeanFactory.getBean(AbstractBeanFactory.java:193)
	at org.springframework.beans.factory.support.DefaultListableBeanFactory.preInstantiateSingletons(DefaultListableBeanFactory.java:706)
	at org.springframework.context.support.AbstractApplicationContext.finishBeanFactoryInitialization(AbstractApplicationContext.java:762)
	at org.springframework.context.support.AbstractApplicationContext.refresh(AbstractApplicationContext.java:482)
	at org.springframework.test.context.support.AbstractGenericContextLoader.loadContext(AbstractGenericContextLoader.java:125)
	at org.springframework.test.context.support.AbstractGenericContextLoader.loadContext(AbstractGenericContextLoader.java:60)
	at org.springframework.test.context.support.AbstractDelegatingSmartContextLoader.delegateLoading(AbstractDelegatingSmartContextLoader.java:102)
	at org.springframework.test.context.support.AbstractDelegatingSmartContextLoader.loadContext(AbstractDelegatingSmartContextLoader.java:248)
	at org.springframework.test.context.CacheAwareContextLoaderDelegate.loadContextInternal(CacheAwareContextLoaderDelegate.java:64)
	at org.springframework.test.context.CacheAwareContextLoaderDelegate.loadContext(CacheAwareContextLoaderDelegate.java:91)
	at org.springframework.test.context.DefaultTestContext.getApplicationContext(DefaultTestContext.java:101)
	at org.springframework.test.context.support.DependencyInjectionTestExecutionListener.injectDependencies(DependencyInjectionTestExecutionListener.java:109)
	at org.springframework.test.context.support.DependencyInjectionTestExecutionListener.prepareTestInstance(DependencyInjectionTestExecutionListener.java:75)
	at org.springframework.test.context.TestContextManager.prepareTestInstance(TestContextManager.java:331)
	at org.springframework.test.context.junit4.SpringJUnit4ClassRunner.createTest(SpringJUnit4ClassRunner.java:213)
	at org.springframework.test.context.junit4.SpringJUnit4ClassRunner$1.runReflectiveCall(SpringJUnit4ClassRunner.java:290)
	at org.junit.internal.runners.model.ReflectiveCallable.run(ReflectiveCallable.java:12)
	at org.springframework.test.context.junit4.SpringJUnit4ClassRunner.methodBlock(SpringJUnit4ClassRunner.java:292)
	at org.springframework.test.context.junit4.SpringJUnit4ClassRunner.runChild(SpringJUnit4ClassRunner.java:233)
	at org.springframework.test.context.junit4.SpringJUnit4ClassRunner.runChild(SpringJUnit4ClassRunner.java:87)
	at org.junit.runners.ParentRunner$3.run(ParentRunner.java:238)
	at org.junit.runners.ParentRunner$1.schedule(ParentRunner.java:63)
	at org.junit.runners.ParentRunner.runChildren(ParentRunner.java:236)
	at org.junit.runners.ParentRunner.access$000(ParentRunner.java:53)
	at org.junit.runners.ParentRunner$2.evaluate(ParentRunner.java:229)
	at org.springframework.test.context.junit4.statements.RunBeforeTestClassCallbacks.evaluate(RunBeforeTestClassCallbacks.java:61)
	at org.springframework.test.context.junit4.statements.RunAfterTestClassCallbacks.evaluate(RunAfterTestClassCallbacks.java:71)
	at org.junit.runners.ParentRunner.run(ParentRunner.java:309)
	at org.springframework.test.context.junit4.SpringJUnit4ClassRunner.run(SpringJUnit4ClassRunner.java:176)
	at org.apache.maven.surefire.junit4.JUnit4Provider.execute(JUnit4Provider.java:252)
	at org.apache.maven.surefire.junit4.JUnit4Provider.executeTestSet(JUnit4Provider.java:141)
	at org.apache.maven.surefire.junit4.JUnit4Provider.invoke(JUnit4Provider.java:112)
	at sun.reflect.NativeMethodAccessorImpl.invoke0(Native Method)
	at sun.reflect.NativeMethodAccessorImpl.invoke(NativeMethodAccessorImpl.java:62)
	at sun.reflect.DelegatingMethodAccessorImpl.invoke(DelegatingMethodAccessorImpl.java:43)
	at java.lang.reflect.Method.invoke(Method.java:483)
	at org.apache.maven.surefire.util.ReflectionUtils.invokeMethodWithArray(ReflectionUtils.java:189)
	at org.apache.maven.surefire.booter.ProviderFactory$ProviderProxy.invoke(ProviderFactory.java:165)
	at org.apache.maven.surefire.booter.ProviderFactory.invokeProvider(ProviderFactory.java:85)
	at org.apache.maven.surefire.booter.ForkedBooter.runSuitesInProcess(ForkedBooter.java:115)
	at org.apache.maven.surefire.booter.ForkedBooter.main(ForkedBooter.java:75)

十一月 30, 2014 10:50:50 下午 org.springframework.web.servlet.handler.SimpleUrlHandlerMapping registerHandler
信息: Mapped URL path [/random/**] onto handler of type [class org.springframework.web.socket.sockjs.support.SockJsHttpRequestHandler]
十一月 30, 2014 10:50:50 下午 org.springframework.web.servlet.handler.SimpleUrlHandlerMapping registerHandler
信息: Mapped URL path [/tasknotification/**] onto handler of type [class org.springframework.web.socket.sockjs.support.SockJsHttpRequestHandler]
十一月 30, 2014 10:50:50 下午 org.springframework.scheduling.concurrent.ThreadPoolTaskExecutor initialize
信息: Initializing ExecutorService  &apos;brokerChannelExecutor&apos;
十一月 30, 2014 10:50:50 下午 org.springframework.messaging.simp.annotation.support.SimpAnnotationMethodMessageHandler registerHandlerMethod
信息: Mapped &quot;{[/random],messageType=[MESSAGE]}&quot; onto public void com.mweb.controller.messages.RandomChart.sendMessage()
十一月 30, 2014 10:50:50 下午 org.springframework.web.servlet.mvc.method.annotation.RequestMappingHandlerMapping registerHandlerMethod
信息: Mapped &quot;{[/exportExcel],methods=[],params=[],headers=[],consumes=[],produces=[],custom=[]}&quot; onto public org.springframework.web.servlet.ModelAndView com.mweb.controller.export.ExportController.exportExcel(org.springframework.ui.Model)
十一月 30, 2014 10:50:50 下午 org.springframework.web.servlet.mvc.method.annotation.RequestMappingHandlerMapping registerHandlerMethod
信息: Mapped &quot;{[/exportPdf],methods=[],params=[],headers=[],consumes=[],produces=[],custom=[]}&quot; onto public org.springframework.web.servlet.ModelAndView com.mweb.controller.export.ExportController.exportPdf(org.springframework.ui.Model)
十一月 30, 2014 10:50:50 下午 org.springframework.web.servlet.mvc.method.annotation.RequestMappingHandlerMapping registerHandlerMethod
信息: Mapped &quot;{[/dbConfigIndex],methods=[],params=[],headers=[],consumes=[],produces=[],custom=[]}&quot; onto public java.lang.String com.mweb.controller.interfaces.DBController.dbConfigIndex()
十一月 30, 2014 10:50:50 下午 org.springframework.web.servlet.mvc.method.annotation.RequestMappingHandlerMapping registerHandlerMethod
信息: Mapped &quot;{[/pageDbConfig],methods=[],params=[],headers=[],consumes=[],produces=[],custom=[]}&quot; onto public com.mweb.model.PageResult com.mweb.controller.interfaces.DBController.pageDbConfig(int,int)
十一月 30, 2014 10:50:50 下午 org.springframework.web.servlet.mvc.method.annotation.RequestMappingHandlerMapping registerHandlerMethod
信息: Mapped &quot;{[/sapIndex],methods=[],params=[],headers=[],consumes=[],produces=[],custom=[]}&quot; onto public java.lang.String com.mweb.controller.interfaces.SapController.Sap()
十一月 30, 2014 10:50:50 下午 org.springframework.web.servlet.mvc.method.annotation.RequestMappingHandlerMapping registerHandlerMethod
信息: Mapped &quot;{[/pageSapEntity],methods=[],params=[],headers=[],consumes=[],produces=[],custom=[]}&quot; onto public com.mweb.model.PageResult com.mweb.controller.interfaces.SapController.pageSapEntity(int,int,java.lang.String)
十一月 30, 2014 10:50:50 下午 org.springframework.web.servlet.mvc.method.annotation.RequestMappingHandlerMapping registerHandlerMethod
信息: Mapped &quot;{[/sapImportData/{run}],methods=[POST],params=[],headers=[],consumes=[],produces=[],custom=[]}&quot; onto public com.mweb.model.Result com.mweb.controller.interfaces.SapController.importDataImmediate(java.lang.String)
十一月 30, 2014 10:50:50 下午 org.springframework.web.servlet.mvc.method.annotation.RequestMappingHandlerMapping registerHandlerMethod
信息: Mapped &quot;{[/menu],methods=[],params=[],headers=[],consumes=[],produces=[],custom=[]}&quot; onto public org.springframework.web.servlet.ModelAndView com.mweb.controller.MenuController.dbConfigIndex()
十一月 30, 2014 10:50:50 下午 org.springframework.web.servlet.mvc.method.annotation.RequestMappingHandlerMapping registerHandlerMethod
信息: Mapped &quot;{[/pageMenuConfig],methods=[],params=[],headers=[],consumes=[],produces=[],custom=[]}&quot; onto public com.mweb.model.PageResult com.mweb.controller.MenuController.pageDbConfig(int,int)
十一月 30, 2014 10:50:50 下午 org.springframework.web.servlet.mvc.method.annotation.RequestMappingHandlerMapping registerHandlerMethod
信息: Mapped &quot;{[/listMenu],methods=[],params=[],headers=[],consumes=[],produces=[],custom=[]}&quot; onto public java.lang.String com.mweb.controller.MenuController.listMenu()
十一月 30, 2014 10:50:50 下午 org.springframework.web.servlet.mvc.method.annotation.RequestMappingHandlerMapping registerHandlerMethod
信息: Mapped &quot;{[/saveMenu],methods=[],params=[],headers=[],consumes=[],produces=[],custom=[]}&quot; onto public com.mweb.model.Result com.mweb.controller.MenuController.saveMenu(int,java.lang.String,java.lang.String,java.lang.String,java.lang.String)
十一月 30, 2014 10:50:50 下午 org.springframework.web.servlet.mvc.method.annotation.RequestMappingHandlerMapping registerHandlerMethod
信息: Mapped &quot;{[/updateMenu],methods=[],params=[],headers=[],consumes=[],produces=[],custom=[]}&quot; onto public com.mweb.model.Result com.mweb.controller.MenuController.updateMenu(int,java.lang.String,java.lang.String,java.lang.String,java.lang.String)
十一月 30, 2014 10:50:50 下午 org.springframework.web.servlet.mvc.method.annotation.RequestMappingHandlerMapping registerHandlerMethod
信息: Mapped &quot;{[/deleteMenu],methods=[],params=[],headers=[],consumes=[],produces=[],custom=[]}&quot; onto public com.mweb.model.Result com.mweb.controller.MenuController.deleteMenu(java.lang.String)
十一月 30, 2014 10:50:50 下午 org.springframework.web.servlet.mvc.method.annotation.RequestMappingHandlerMapping registerHandlerMethod
信息: Mapped &quot;{[/chart],methods=[],params=[],headers=[],consumes=[],produces=[],custom=[]}&quot; onto public java.lang.String com.mweb.controller.messages.RandomChart.randomChart()
十一月 30, 2014 10:50:50 下午 org.springframework.web.servlet.mvc.method.annotation.RequestMappingHandlerMapping registerHandlerMethod
信息: Mapped &quot;{[/],methods=[],params=[],headers=[],consumes=[],produces=[],custom=[]}&quot; onto public java.lang.String com.mweb.controller.PageController.index(org.springframework.ui.Model)
十一月 30, 2014 10:50:50 下午 org.springframework.web.servlet.mvc.method.annotation.RequestMappingHandlerMapping registerHandlerMethod
信息: Mapped &quot;{[/login],methods=[POST || GET],params=[],headers=[],consumes=[],produces=[],custom=[]}&quot; onto public org.springframework.web.servlet.ModelAndView com.mweb.controller.PageController.login(java.lang.String,java.lang.String,java.lang.String)
十一月 30, 2014 10:50:50 下午 org.springframework.web.servlet.mvc.method.annotation.RequestMappingHandlerMapping registerHandlerMethod
信息: Mapped &quot;{[/logout],methods=[],params=[],headers=[],consumes=[],produces=[],custom=[]}&quot; onto public org.springframework.web.servlet.ModelAndView com.mweb.controller.PageController.logout()
十一月 30, 2014 10:50:50 下午 org.springframework.web.servlet.mvc.method.annotation.RequestMappingHandlerMapping registerHandlerMethod
信息: Mapped &quot;{[/home],methods=[],params=[],headers=[],consumes=[],produces=[],custom=[]}&quot; onto public java.lang.String com.mweb.controller.PageController.home(org.springframework.ui.Model)
十一月 30, 2014 10:50:50 下午 org.springframework.web.servlet.mvc.method.annotation.RequestMappingHandlerMapping registerHandlerMethod
信息: Mapped &quot;{[/404],methods=[],params=[],headers=[],consumes=[],produces=[],custom=[]}&quot; onto public java.lang.String com.mweb.controller.PageController.notFound()
十一月 30, 2014 10:50:50 下午 org.springframework.web.servlet.mvc.method.annotation.RequestMappingHandlerMapping registerHandlerMethod
信息: Mapped &quot;{[/saveRole],methods=[],params=[],headers=[],consumes=[],produces=[],custom=[]}&quot; onto public java.lang.String com.mweb.controller.RoleController.addUser(java.lang.String,java.lang.String)
十一月 30, 2014 10:50:50 下午 org.springframework.web.servlet.mvc.method.annotation.RequestMappingHandlerMapping registerHandlerMethod
信息: Mapped &quot;{[/pageRole],methods=[],params=[],headers=[],consumes=[],produces=[],custom=[]}&quot; onto public com.mweb.model.PageResult com.mweb.controller.RoleController.pageUser(int,int)
十一月 30, 2014 10:50:50 下午 org.springframework.web.servlet.mvc.method.annotation.RequestMappingHandlerMapping registerHandlerMethod
信息: Mapped &quot;{[/updateRole/{roleId}],methods=[POST],params=[],headers=[],consumes=[],produces=[],custom=[]}&quot; onto public java.lang.String com.mweb.controller.RoleController.updateUser(java.lang.String,java.lang.String,java.lang.String)
十一月 30, 2014 10:50:50 下午 org.springframework.web.servlet.mvc.method.annotation.RequestMappingHandlerMapping registerHandlerMethod
信息: Mapped &quot;{[/deleteUser/{roleId}],methods=[],params=[],headers=[],consumes=[],produces=[],custom=[]}&quot; onto public java.lang.String com.mweb.controller.RoleController.deleteUser(java.lang.String)
十一月 30, 2014 10:50:50 下午 org.springframework.web.servlet.mvc.method.annotation.RequestMappingHandlerMapping registerHandlerMethod
信息: Mapped &quot;{[/listRole],methods=[],params=[],headers=[],consumes=[],produces=[],custom=[]}&quot; onto public org.springframework.web.servlet.ModelAndView com.mweb.controller.RoleController.listUser()
十一月 30, 2014 10:50:50 下午 org.springframework.web.servlet.mvc.method.annotation.RequestMappingHandlerMapping registerHandlerMethod
信息: Mapped &quot;{[/fileupload],methods=[POST || GET],params=[],headers=[],consumes=[],produces=[],custom=[]}&quot; onto public org.springframework.web.servlet.ModelAndView com.mweb.controller.upload.FileUploadController.uploadFile(org.springframework.web.multipart.MultipartFile,org.springframework.ui.Model)
十一月 30, 2014 10:50:50 下午 org.springframework.web.servlet.mvc.method.annotation.RequestMappingHandlerMapping registerHandlerMethod
信息: Mapped &quot;{[/saveUser],methods=[],params=[],headers=[],consumes=[],produces=[],custom=[]}&quot; onto public java.lang.String com.mweb.controller.UserController.addUser(java.lang.String,java.lang.String,java.lang.String)
十一月 30, 2014 10:50:50 下午 org.springframework.web.servlet.mvc.method.annotation.RequestMappingHandlerMapping registerHandlerMethod
信息: Mapped &quot;{[/pageUser],methods=[],params=[],headers=[],consumes=[],produces=[],custom=[]}&quot; onto public com.mweb.model.PageResult com.mweb.controller.UserController.pageUser(int,int)
十一月 30, 2014 10:50:50 下午 org.springframework.web.servlet.mvc.method.annotation.RequestMappingHandlerMapping registerHandlerMethod
信息: Mapped &quot;{[/updateUser/{userId}],methods=[POST],params=[],headers=[],consumes=[],produces=[],custom=[]}&quot; onto public java.lang.String com.mweb.controller.UserController.updateUser(java.lang.String,java.lang.String,java.lang.String,java.lang.String)
十一月 30, 2014 10:50:50 下午 org.springframework.web.servlet.mvc.method.annotation.RequestMappingHandlerMapping registerHandlerMethod
信息: Mapped &quot;{[/deleteUser/{userId}],methods=[],params=[],headers=[],consumes=[],produces=[],custom=[]}&quot; onto public java.lang.String com.mweb.controller.UserController.deleteUser(java.lang.String)
十一月 30, 2014 10:50:50 下午 org.springframework.web.servlet.mvc.method.annotation.RequestMappingHandlerMapping registerHandlerMethod
信息: Mapped &quot;{[/listUser],methods=[],params=[],headers=[],consumes=[],produces=[],custom=[]}&quot; onto public org.springframework.web.servlet.ModelAndView com.mweb.controller.UserController.listUser()
十一月 30, 2014 10:50:50 下午 org.springframework.web.servlet.handler.SimpleUrlHandlerMapping registerHandler
信息: Root mapping to handler of type [class org.springframework.web.servlet.mvc.ParameterizableViewController]
十一月 30, 2014 10:50:50 下午 org.springframework.web.servlet.handler.SimpleUrlHandlerMapping registerHandler
信息: Mapped URL path [/resources/**] onto handler of type [class org.springframework.web.servlet.resource.ResourceHttpRequestHandler]
十一月 30, 2014 10:50:50 下午 org.springframework.context.support.GenericApplicationContext refresh
警告: Exception encountered during context initialization - cancelling refresh attempt
org.springframework.beans.factory.BeanCreationException: Error creating bean with name &apos;defaultServletHandlerMapping&apos; defined in class path resource [org/springframework/web/servlet/config/annotation/DelegatingWebMvcConfiguration.class]: Instantiation of bean failed; nested exception is org.springframework.beans.factory.BeanDefinitionStoreException: Factory method [public org.springframework.web.servlet.HandlerMapping org.springframework.web.servlet.config.annotation.WebMvcConfigurationSupport.defaultServletHandlerMapping()] threw exception; nested exception is java.lang.IllegalArgumentException: A ServletContext is required to configure default servlet handling
	at org.springframework.beans.factory.support.ConstructorResolver.instantiateUsingFactoryMethod(ConstructorResolver.java:597)
	at org.springframework.beans.factory.support.AbstractAutowireCapableBeanFactory.instantiateUsingFactoryMethod(AbstractAutowireCapableBeanFactory.java:1095)
	at org.springframework.beans.factory.support.AbstractAutowireCapableBeanFactory.createBeanInstance(AbstractAutowireCapableBeanFactory.java:990)
	at org.springframework.beans.factory.support.AbstractAutowireCapableBeanFactory.doCreateBean(AbstractAutowireCapableBeanFactory.java:504)
	at org.springframework.beans.factory.support.AbstractAutowireCapableBeanFactory.createBean(AbstractAutowireCapableBeanFactory.java:475)
	at org.springframework.beans.factory.support.AbstractBeanFactory$1.getObject(AbstractBeanFactory.java:302)
	at org.springframework.beans.factory.support.DefaultSingletonBeanRegistry.getSingleton(DefaultSingletonBeanRegistry.java:228)
	at org.springframework.beans.factory.support.AbstractBeanFactory.doGetBean(AbstractBeanFactory.java:298)
	at org.springframework.beans.factory.support.AbstractBeanFactory.getBean(AbstractBeanFactory.java:193)
	at org.springframework.beans.factory.support.DefaultListableBeanFactory.preInstantiateSingletons(DefaultListableBeanFactory.java:706)
	at org.springframework.context.support.AbstractApplicationContext.finishBeanFactoryInitialization(AbstractApplicationContext.java:762)
	at org.springframework.context.support.AbstractApplicationContext.refresh(AbstractApplicationContext.java:482)
	at org.springframework.test.context.support.AbstractGenericContextLoader.loadContext(AbstractGenericContextLoader.java:125)
	at org.springframework.test.context.support.AbstractGenericContextLoader.loadContext(AbstractGenericContextLoader.java:60)
	at org.springframework.test.context.support.AbstractDelegatingSmartContextLoader.delegateLoading(AbstractDelegatingSmartContextLoader.java:102)
	at org.springframework.test.context.support.AbstractDelegatingSmartContextLoader.loadContext(AbstractDelegatingSmartContextLoader.java:248)
	at org.springframework.test.context.CacheAwareContextLoaderDelegate.loadContextInternal(CacheAwareContextLoaderDelegate.java:64)
	at org.springframework.test.context.CacheAwareContextLoaderDelegate.loadContext(CacheAwareContextLoaderDelegate.java:91)
	at org.springframework.test.context.DefaultTestContext.getApplicationContext(DefaultTestContext.java:101)
	at org.springframework.test.context.support.DependencyInjectionTestExecutionListener.injectDependencies(DependencyInjectionTestExecutionListener.java:109)
	at org.springframework.test.context.support.DependencyInjectionTestExecutionListener.prepareTestInstance(DependencyInjectionTestExecutionListener.java:75)
	at org.springframework.test.context.TestContextManager.prepareTestInstance(TestContextManager.java:331)
	at org.springframework.test.context.junit4.SpringJUnit4ClassRunner.createTest(SpringJUnit4ClassRunner.java:213)
	at org.springframework.test.context.junit4.SpringJUnit4ClassRunner$1.runReflectiveCall(SpringJUnit4ClassRunner.java:290)
	at org.junit.internal.runners.model.ReflectiveCallable.run(ReflectiveCallable.java:12)
	at org.springframework.test.context.junit4.SpringJUnit4ClassRunner.methodBlock(SpringJUnit4ClassRunner.java:292)
	at org.springframework.test.context.junit4.SpringJUnit4ClassRunner.runChild(SpringJUnit4ClassRunner.java:233)
	at org.springframework.test.context.junit4.SpringJUnit4ClassRunner.runChild(SpringJUnit4ClassRunner.java:87)
	at org.junit.runners.ParentRunner$3.run(ParentRunner.java:238)
	at org.junit.runners.ParentRunner$1.schedule(ParentRunner.java:63)
	at org.junit.runners.ParentRunner.runChildren(ParentRunner.java:236)
	at org.junit.runners.ParentRunner.access$000(ParentRunner.java:53)
	at org.junit.runners.ParentRunner$2.evaluate(ParentRunner.java:229)
	at org.springframework.test.context.junit4.statements.RunBeforeTestClassCallbacks.evaluate(RunBeforeTestClassCallbacks.java:61)
	at org.springframework.test.context.junit4.statements.RunAfterTestClassCallbacks.evaluate(RunAfterTestClassCallbacks.java:71)
	at org.junit.runners.ParentRunner.run(ParentRunner.java:309)
	at org.springframework.test.context.junit4.SpringJUnit4ClassRunner.run(SpringJUnit4ClassRunner.java:176)
	at org.apache.maven.surefire.junit4.JUnit4Provider.execute(JUnit4Provider.java:252)
	at org.apache.maven.surefire.junit4.JUnit4Provider.executeTestSet(JUnit4Provider.java:141)
	at org.apache.maven.surefire.junit4.JUnit4Provider.invoke(JUnit4Provider.java:112)
	at sun.reflect.NativeMethodAccessorImpl.invoke0(Native Method)
	at sun.reflect.NativeMethodAccessorImpl.invoke(NativeMethodAccessorImpl.java:62)
	at sun.reflect.DelegatingMethodAccessorImpl.invoke(DelegatingMethodAccessorImpl.java:43)
	at java.lang.reflect.Method.invoke(Method.java:483)
	at org.apache.maven.surefire.util.ReflectionUtils.invokeMethodWithArray(ReflectionUtils.java:189)
	at org.apache.maven.surefire.booter.ProviderFactory$ProviderProxy.invoke(ProviderFactory.java:165)
	at org.apache.maven.surefire.booter.ProviderFactory.invokeProvider(ProviderFactory.java:85)
	at org.apache.maven.surefire.booter.ForkedBooter.runSuitesInProcess(ForkedBooter.java:115)
	at org.apache.maven.surefire.booter.ForkedBooter.main(ForkedBooter.java:75)
Caused by: org.springframework.beans.factory.BeanDefinitionStoreException: Factory method [public org.springframework.web.servlet.HandlerMapping org.springframework.web.servlet.config.annotation.WebMvcConfigurationSupport.defaultServletHandlerMapping()] threw exception; nested exception is java.lang.IllegalArgumentException: A ServletContext is required to configure default servlet handling
	at org.springframework.beans.factory.support.SimpleInstantiationStrategy.instantiate(SimpleInstantiationStrategy.java:188)
	at org.springframework.beans.factory.support.ConstructorResolver.instantiateUsingFactoryMethod(ConstructorResolver.java:586)
	... 48 more
Caused by: java.lang.IllegalArgumentException: A ServletContext is required to configure default servlet handling
	at org.springframework.util.Assert.notNull(Assert.java:112)
	at org.springframework.web.servlet.config.annotation.DefaultServletHandlerConfigurer.&lt;init&gt;(DefaultServletHandlerConfigurer.java:54)
	at org.springframework.web.servlet.config.annotation.WebMvcConfigurationSupport.defaultServletHandlerMapping(WebMvcConfigurationSupport.java:346)
	at org.springframework.web.servlet.config.annotation.DelegatingWebMvcConfiguration$$EnhancerBySpringCGLIB$$788627f3.CGLIB$defaultServletHandlerMapping$24(&lt;generated&gt;)
	at org.springframework.web.servlet.config.annotation.DelegatingWebMvcConfiguration$$EnhancerBySpringCGLIB$$788627f3$$FastClassBySpringCGLIB$$ecc9a559.invoke(&lt;generated&gt;)
	at org.springframework.cglib.proxy.MethodProxy.invokeSuper(MethodProxy.java:228)
	at org.springframework.context.annotation.ConfigurationClassEnhancer$BeanMethodInterceptor.intercept(ConfigurationClassEnhancer.java:312)
	at org.springframework.web.servlet.config.annotation.DelegatingWebMvcConfiguration$$EnhancerBySpringCGLIB$$788627f3.defaultServletHandlerMapping(&lt;generated&gt;)
	at sun.reflect.NativeMethodAccessorImpl.invoke0(Native Method)
	at sun.reflect.NativeMethodAccessorImpl.invoke(NativeMethodAccessorImpl.java:62)
	at sun.reflect.DelegatingMethodAccessorImpl.invoke(DelegatingMethodAccessorImpl.java:43)
	at java.lang.reflect.Method.invoke(Method.java:483)
	at org.springframework.beans.factory.support.SimpleInstantiationStrategy.instantiate(SimpleInstantiationStrategy.java:166)
	... 49 more

十一月 30, 2014 10:50:50 下午 org.springframework.scheduling.concurrent.ThreadPoolTaskExecutor shutdown
信息: Shutting down ExecutorService &apos;brokerChannelExecutor&apos;
十一月 30, 2014 10:50:50 下午 org.springframework.scheduling.concurrent.ThreadPoolTaskScheduler shutdown
信息: Shutting down ExecutorService &apos;messageBrokerSockJsTaskScheduler&apos;
十一月 30, 2014 10:50:50 下午 org.springframework.scheduling.concurrent.ThreadPoolTaskExecutor shutdown
信息: Shutting down ExecutorService &apos;clientOutboundChannelExecutor&apos;
十一月 30, 2014 10:50:50 下午 org.springframework.scheduling.concurrent.ThreadPoolTaskExecutor shutdown
信息: Shutting down ExecutorService &apos;clientInboundChannelExecutor&apos;
十一月 30, 2014 10:50:50 下午 org.springframework.test.context.TestContextManager prepareTestInstance
严重: Caught exception while allowing TestExecutionListener [org.springframework.test.context.support.DependencyInjectionTestExecutionListener@530ee28b] to prepare test instance [com.mweb.controller.messages.TaskMessageServiceTest@3a3f96ab]
java.lang.IllegalStateException: Failed to load ApplicationContext
	at org.springframework.test.context.CacheAwareContextLoaderDelegate.loadContext(CacheAwareContextLoaderDelegate.java:99)
	at org.springframework.test.context.DefaultTestContext.getApplicationContext(DefaultTestContext.java:101)
	at org.springframework.test.context.support.DependencyInjectionTestExecutionListener.injectDependencies(DependencyInjectionTestExecutionListener.java:109)
	at org.springframework.test.context.support.DependencyInjectionTestExecutionListener.prepareTestInstance(DependencyInjectionTestExecutionListener.java:75)
	at org.springframework.test.context.TestContextManager.prepareTestInstance(TestContextManager.java:331)
	at org.springframework.test.context.junit4.SpringJUnit4ClassRunner.createTest(SpringJUnit4ClassRunner.java:213)
	at org.springframework.test.context.junit4.SpringJUnit4ClassRunner$1.runReflectiveCall(SpringJUnit4ClassRunner.java:290)
	at org.junit.internal.runners.model.ReflectiveCallable.run(ReflectiveCallable.java:12)
	at org.springframework.test.context.junit4.SpringJUnit4ClassRunner.methodBlock(SpringJUnit4ClassRunner.java:292)
	at org.springframework.test.context.junit4.SpringJUnit4ClassRunner.runChild(SpringJUnit4ClassRunner.java:233)
	at org.springframework.test.context.junit4.SpringJUnit4ClassRunner.runChild(SpringJUnit4ClassRunner.java:87)
	at org.junit.runners.ParentRunner$3.run(ParentRunner.java:238)
	at org.junit.runners.ParentRunner$1.schedule(ParentRunner.java:63)
	at org.junit.runners.ParentRunner.runChildren(ParentRunner.java:236)
	at org.junit.runners.ParentRunner.access$000(ParentRunner.java:53)
	at org.junit.runners.ParentRunner$2.evaluate(ParentRunner.java:229)
	at org.springframework.test.context.junit4.statements.RunBeforeTestClassCallbacks.evaluate(RunBeforeTestClassCallbacks.java:61)
	at org.springframework.test.context.junit4.statements.RunAfterTestClassCallbacks.evaluate(RunAfterTestClassCallbacks.java:71)
	at org.junit.runners.ParentRunner.run(ParentRunner.java:309)
	at org.springframework.test.context.junit4.SpringJUnit4ClassRunner.run(SpringJUnit4ClassRunner.java:176)
	at org.apache.maven.surefire.junit4.JUnit4Provider.execute(JUnit4Provider.java:252)
	at org.apache.maven.surefire.junit4.JUnit4Provider.executeTestSet(JUnit4Provider.java:141)
	at org.apache.maven.surefire.junit4.JUnit4Provider.invoke(JUnit4Provider.java:112)
	at sun.reflect.NativeMethodAccessorImpl.invoke0(Native Method)
	at sun.reflect.NativeMethodAccessorImpl.invoke(NativeMethodAccessorImpl.java:62)
	at sun.reflect.DelegatingMethodAccessorImpl.invoke(DelegatingMethodAccessorImpl.java:43)
	at java.lang.reflect.Method.invoke(Method.java:483)
	at org.apache.maven.surefire.util.ReflectionUtils.invokeMethodWithArray(ReflectionUtils.java:189)
	at org.apache.maven.surefire.booter.ProviderFactory$ProviderProxy.invoke(ProviderFactory.java:165)
	at org.apache.maven.surefire.booter.ProviderFactory.invokeProvider(ProviderFactory.java:85)
	at org.apache.maven.surefire.booter.ForkedBooter.runSuitesInProcess(ForkedBooter.java:115)
	at org.apache.maven.surefire.booter.ForkedBooter.main(ForkedBooter.java:75)
Caused by: org.springframework.beans.factory.BeanCreationException: Error creating bean with name &apos;defaultServletHandlerMapping&apos; defined in class path resource [org/springframework/web/servlet/config/annotation/DelegatingWebMvcConfiguration.class]: Instantiation of bean failed; nested exception is org.springframework.beans.factory.BeanDefinitionStoreException: Factory method [public org.springframework.web.servlet.HandlerMapping org.springframework.web.servlet.config.annotation.WebMvcConfigurationSupport.defaultServletHandlerMapping()] threw exception; nested exception is java.lang.IllegalArgumentException: A ServletContext is required to configure default servlet handling
	at org.springframework.beans.factory.support.ConstructorResolver.instantiateUsingFactoryMethod(ConstructorResolver.java:597)
	at org.springframework.beans.factory.support.AbstractAutowireCapableBeanFactory.instantiateUsingFactoryMethod(AbstractAutowireCapableBeanFactory.java:1095)
	at org.springframework.beans.factory.support.AbstractAutowireCapableBeanFactory.createBeanInstance(AbstractAutowireCapableBeanFactory.java:990)
	at org.springframework.beans.factory.support.AbstractAutowireCapableBeanFactory.doCreateBean(AbstractAutowireCapableBeanFactory.java:504)
	at org.springframework.beans.factory.support.AbstractAutowireCapableBeanFactory.createBean(AbstractAutowireCapableBeanFactory.java:475)
	at org.springframework.beans.factory.support.AbstractBeanFactory$1.getObject(AbstractBeanFactory.java:302)
	at org.springframework.beans.factory.support.DefaultSingletonBeanRegistry.getSingleton(DefaultSingletonBeanRegistry.java:228)
	at org.springframework.beans.factory.support.AbstractBeanFactory.doGetBean(AbstractBeanFactory.java:298)
	at org.springframework.beans.factory.support.AbstractBeanFactory.getBean(AbstractBeanFactory.java:193)
	at org.springframework.beans.factory.support.DefaultListableBeanFactory.preInstantiateSingletons(DefaultListableBeanFactory.java:706)
	at org.springframework.context.support.AbstractApplicationContext.finishBeanFactoryInitialization(AbstractApplicationContext.java:762)
	at org.springframework.context.support.AbstractApplicationContext.refresh(AbstractApplicationContext.java:482)
	at org.springframework.test.context.support.AbstractGenericContextLoader.loadContext(AbstractGenericContextLoader.java:125)
	at org.springframework.test.context.support.AbstractGenericContextLoader.loadContext(AbstractGenericContextLoader.java:60)
	at org.springframework.test.context.support.AbstractDelegatingSmartContextLoader.delegateLoading(AbstractDelegatingSmartContextLoader.java:102)
	at org.springframework.test.context.support.AbstractDelegatingSmartContextLoader.loadContext(AbstractDelegatingSmartContextLoader.java:248)
	at org.springframework.test.context.CacheAwareContextLoaderDelegate.loadContextInternal(CacheAwareContextLoaderDelegate.java:64)
	at org.springframework.test.context.CacheAwareContextLoaderDelegate.loadContext(CacheAwareContextLoaderDelegate.java:91)
	... 31 more
Caused by: org.springframework.beans.factory.BeanDefinitionStoreException: Factory method [public org.springframework.web.servlet.HandlerMapping org.springframework.web.servlet.config.annotation.WebMvcConfigurationSupport.defaultServletHandlerMapping()] threw exception; nested exception is java.lang.IllegalArgumentException: A ServletContext is required to configure default servlet handling
	at org.springframework.beans.factory.support.SimpleInstantiationStrategy.instantiate(SimpleInstantiationStrategy.java:188)
	at org.springframework.beans.factory.support.ConstructorResolver.instantiateUsingFactoryMethod(ConstructorResolver.java:586)
	... 48 more
Caused by: java.lang.IllegalArgumentException: A ServletContext is required to configure default servlet handling
	at org.springframework.util.Assert.notNull(Assert.java:112)
	at org.springframework.web.servlet.config.annotation.DefaultServletHandlerConfigurer.&lt;init&gt;(DefaultServletHandlerConfigurer.java:54)
	at org.springframework.web.servlet.config.annotation.WebMvcConfigurationSupport.defaultServletHandlerMapping(WebMvcConfigurationSupport.java:346)
	at org.springframework.web.servlet.config.annotation.DelegatingWebMvcConfiguration$$EnhancerBySpringCGLIB$$788627f3.CGLIB$defaultServletHandlerMapping$24(&lt;generated&gt;)
	at org.springframework.web.servlet.config.annotation.DelegatingWebMvcConfiguration$$EnhancerBySpringCGLIB$$788627f3$$FastClassBySpringCGLIB$$ecc9a559.invoke(&lt;generated&gt;)
	at org.springframework.cglib.proxy.MethodProxy.invokeSuper(MethodProxy.java:228)
	at org.springframework.context.annotation.ConfigurationClassEnhancer$BeanMethodInterceptor.intercept(ConfigurationClassEnhancer.java:312)
	at org.springframework.web.servlet.config.annotation.DelegatingWebMvcConfiguration$$EnhancerBySpringCGLIB$$788627f3.defaultServletHandlerMapping(&lt;generated&gt;)
	at sun.reflect.NativeMethodAccessorImpl.invoke0(Native Method)
	at sun.reflect.NativeMethodAccessorImpl.invoke(NativeMethodAccessorImpl.java:62)
	at sun.reflect.DelegatingMethodAccessorImpl.invoke(DelegatingMethodAccessorImpl.java:43)
	at java.lang.reflect.Method.invoke(Method.java:483)
	at org.springframework.beans.factory.support.SimpleInstantiationStrategy.instantiate(SimpleInstantiationStrategy.java:166)
	... 49 more

</system-err>
  </testcase>
</testsuite>